2025-09-27 00:03:05.742 [HikariPool-5:housekeeper] WARN  com.zaxxer.hikari.pool.HikariPool - HikariPool-5 - Thread starvation or clock leap detected (housekeeper delta=15m55s559ms).
2025-09-27 00:19:01.403 [HikariPool-5:housekeeper] WARN  com.zaxxer.hikari.pool.HikariPool - HikariPool-5 - Thread starvation or clock leap detected (housekeeper delta=15m55s661ms).
2025-09-27 00:35:26.603 [HikariPool-5:housekeeper] WARN  com.zaxxer.hikari.pool.HikariPool - HikariPool-5 - Thread starvation or clock leap detected (housekeeper delta=15m55s192ms).
2025-09-27 00:51:18.633 [HikariPool-5:housekeeper] WARN  com.zaxxer.hikari.pool.HikariPool - HikariPool-5 - Thread starvation or clock leap detected (housekeeper delta=15m52s29ms).
2025-09-27 01:07:44.515 [HikariPool-5:housekeeper] WARN  com.zaxxer.hikari.pool.HikariPool - HikariPool-5 - Thread starvation or clock leap detected (housekeeper delta=15m55s894ms).
2025-09-27 01:11:55.934 [HikariPool-5:housekeeper] WARN  com.zaxxer.hikari.pool.HikariPool - HikariPool-5 - Thread starvation or clock leap detected (housekeeper delta=4m11s420ms).
2025-09-27 01:27:34.725 [HikariPool-5:housekeeper] WARN  com.zaxxer.hikari.pool.HikariPool - HikariPool-5 - Thread starvation or clock leap detected (housekeeper delta=15m38s790ms).
2025-09-27 01:43:30.542 [HikariPool-5:housekeeper] WARN  com.zaxxer.hikari.pool.HikariPool - HikariPool-5 - Thread starvation or clock leap detected (housekeeper delta=15m55s814ms).
2025-09-27 01:59:56.326 [HikariPool-5:housekeeper] WARN  com.zaxxer.hikari.pool.HikariPool - HikariPool-5 - Thread starvation or clock leap detected (housekeeper delta=15m55s786ms).
2025-09-27 02:15:51.418 [HikariPool-5:housekeeper] WARN  com.zaxxer.hikari.pool.HikariPool - HikariPool-5 - Thread starvation or clock leap detected (housekeeper delta=15m55s93ms).
2025-09-27 02:32:16.388 [HikariPool-5:housekeeper] WARN  com.zaxxer.hikari.pool.HikariPool - HikariPool-5 - Thread starvation or clock leap detected (housekeeper delta=15m54s959ms).
2025-09-27 02:48:12.105 [HikariPool-5:housekeeper] WARN  com.zaxxer.hikari.pool.HikariPool - HikariPool-5 - Thread starvation or clock leap detected (housekeeper delta=15m55s716ms).
2025-09-27 03:04:38.050 [HikariPool-5:housekeeper] WARN  com.zaxxer.hikari.pool.HikariPool - HikariPool-5 - Thread starvation or clock leap detected (housekeeper delta=15m55s927ms).
2025-09-27 03:20:32.978 [HikariPool-5:housekeeper] WARN  com.zaxxer.hikari.pool.HikariPool - HikariPool-5 - Thread starvation or clock leap detected (housekeeper delta=15m54s926ms).
2025-09-27 03:36:06.332 [HikariPool-5:housekeeper] WARN  com.zaxxer.hikari.pool.HikariPool - HikariPool-5 - Thread starvation or clock leap detected (housekeeper delta=15m3s339ms).
2025-09-27 03:52:01.249 [HikariPool-5:housekeeper] WARN  com.zaxxer.hikari.pool.HikariPool - HikariPool-5 - Thread starvation or clock leap detected (housekeeper delta=15m54s917ms).
2025-09-27 04:08:27.898 [HikariPool-5:housekeeper] WARN  com.zaxxer.hikari.pool.HikariPool - HikariPool-5 - Thread starvation or clock leap detected (housekeeper delta=15m56s663ms).
2025-09-27 04:24:23.604 [HikariPool-5:housekeeper] WARN  com.zaxxer.hikari.pool.HikariPool - HikariPool-5 - Thread starvation or clock leap detected (housekeeper delta=15m55s706ms).
2025-09-27 04:40:49.212 [HikariPool-5:housekeeper] WARN  com.zaxxer.hikari.pool.HikariPool - HikariPool-5 - Thread starvation or clock leap detected (housekeeper delta=15m55s614ms).
2025-09-27 04:56:45.000 [HikariPool-5:housekeeper] WARN  com.zaxxer.hikari.pool.HikariPool - HikariPool-5 - Thread starvation or clock leap detected (housekeeper delta=15m55s790ms).
2025-09-27 05:13:09.929 [HikariPool-5:housekeeper] WARN  com.zaxxer.hikari.pool.HikariPool - HikariPool-5 - Thread starvation or clock leap detected (housekeeper delta=15m54s923ms).
2025-09-27 05:29:35.793 [HikariPool-5:housekeeper] WARN  com.zaxxer.hikari.pool.HikariPool - HikariPool-5 - Thread starvation or clock leap detected (housekeeper delta=15m55s851ms).
2025-09-27 05:36:58.651 [HikariPool-5:housekeeper] WARN  com.zaxxer.hikari.pool.HikariPool - HikariPool-5 - Thread starvation or clock leap detected (housekeeper delta=7m22s859ms).
2025-09-27 05:53:24.243 [HikariPool-5:housekeeper] WARN  com.zaxxer.hikari.pool.HikariPool - HikariPool-5 - Thread starvation or clock leap detected (housekeeper delta=15m55s581ms).
2025-09-27 06:09:20.040 [HikariPool-5:housekeeper] WARN  com.zaxxer.hikari.pool.HikariPool - HikariPool-5 - Thread starvation or clock leap detected (housekeeper delta=15m55s797ms).
2025-09-27 06:25:45.730 [HikariPool-5:housekeeper] WARN  com.zaxxer.hikari.pool.HikariPool - HikariPool-5 - Thread starvation or clock leap detected (housekeeper delta=15m55s669ms).
2025-09-27 06:37:57.283 [HikariPool-5:housekeeper] WARN  com.zaxxer.hikari.pool.HikariPool - HikariPool-5 - Thread starvation or clock leap detected (housekeeper delta=12m11s552ms).
2025-09-27 06:54:23.205 [HikariPool-5:housekeeper] WARN  com.zaxxer.hikari.pool.HikariPool - HikariPool-5 - Thread starvation or clock leap detected (housekeeper delta=15m55s914ms).
2025-09-27 07:10:18.149 [HikariPool-5:housekeeper] WARN  com.zaxxer.hikari.pool.HikariPool - HikariPool-5 - Thread starvation or clock leap detected (housekeeper delta=15m54s945ms).
2025-09-27 07:26:13.938 [HikariPool-5:housekeeper] WARN  com.zaxxer.hikari.pool.HikariPool - HikariPool-5 - Thread starvation or clock leap detected (housekeeper delta=15m55s788ms).
2025-09-27 07:39:06.368 [HikariPool-5:housekeeper] WARN  com.zaxxer.hikari.pool.HikariPool - HikariPool-5 - Thread starvation or clock leap detected (housekeeper delta=12m22s453ms).
2025-09-27 07:55:59.236 [HikariPool-5:housekeeper] WARN  com.zaxxer.hikari.pool.HikariPool - HikariPool-5 - Thread starvation or clock leap detected (housekeeper delta=15m52s853ms).
2025-09-27 08:11:54.183 [HikariPool-5:housekeeper] WARN  com.zaxxer.hikari.pool.HikariPool - HikariPool-5 - Thread starvation or clock leap detected (housekeeper delta=15m54s946ms).
2025-09-27 08:28:19.994 [HikariPool-5:housekeeper] WARN  com.zaxxer.hikari.pool.HikariPool - HikariPool-5 - Thread starvation or clock leap detected (housekeeper delta=15m55s771ms).
2025-09-27 08:39:50.391 [HikariPool-5:housekeeper] WARN  com.zaxxer.hikari.pool.HikariPool - HikariPool-5 - Thread starvation or clock leap detected (housekeeper delta=11m30s397ms).
2025-09-27 08:56:16.296 [HikariPool-5:housekeeper] WARN  com.zaxxer.hikari.pool.HikariPool - HikariPool-5 - Thread starvation or clock leap detected (housekeeper delta=15m55s896ms).
2025-09-27 09:12:12.136 [HikariPool-5:housekeeper] WARN  com.zaxxer.hikari.pool.HikariPool - HikariPool-5 - Thread starvation or clock leap detected (housekeeper delta=15m55s840ms).
2025-09-27 09:25:11.070 [HikariPool-5:housekeeper] WARN  com.zaxxer.hikari.pool.HikariPool - HikariPool-5 - Thread starvation or clock leap detected (housekeeper delta=12m28s914ms).
2025-09-27 09:40:48.378 [HikariPool-5:housekeeper] WARN  com.zaxxer.hikari.pool.HikariPool - HikariPool-5 - Thread starvation or clock leap detected (housekeeper delta=15m37s310ms).
2025-09-27 09:57:45.000 [HikariPool-5:housekeeper] WARN  com.zaxxer.hikari.pool.HikariPool - HikariPool-5 - Thread starvation or clock leap detected (housekeeper delta=15m55s858ms).
2025-09-27 10:14:10.768 [HikariPool-5:housekeeper] WARN  com.zaxxer.hikari.pool.HikariPool - HikariPool-5 - Thread starvation or clock leap detected (housekeeper delta=15m55s763ms).
2025-09-27 10:24:22.372 [HikariPool-5:housekeeper] WARN  com.zaxxer.hikari.pool.HikariPool - HikariPool-5 - Thread starvation or clock leap detected (housekeeper delta=9m41s576ms).
2025-09-27 10:25:03.535 [SpringApplicationShutdownHook] INFO  o.s.b.w.e.netty.GracefulShutdown - Commencing graceful shutdown. Waiting for active requests to complete
2025-09-27 10:25:03.545 [netty-shutdown] INFO  o.s.b.w.e.netty.GracefulShutdown - Graceful shutdown complete
2025-09-27 10:25:03.662 [SpringApplicationShutdownHook] DEBUG org.hibernate.SQL - select djep1_0.id,djep1_0.completion_date,djep1_0.event_type,djep1_0.listener_id,djep1_0.publication_date,djep1_0.serialized_event from event_publication djep1_0 where djep1_0.completion_date is null order by djep1_0.publication_date
2025-09-27 10:25:03.720 [SpringApplicationShutdownHook] WARN  o.h.e.jdbc.spi.SqlExceptionHelper - SQL Error: 1146, SQLState: 42S02
2025-09-27 10:25:03.720 [SpringApplicationShutdownHook] ERROR o.h.e.jdbc.spi.SqlExceptionHelper - Table 'secchub.event_publication' doesn't exist
2025-09-27 10:25:03.725 [SpringApplicationShutdownHook] WARN  o.s.b.f.s.DisposableBeanAdapter - Invocation of destroy method failed on bean with name 'eventPublicationRegistry': org.springframework.dao.InvalidDataAccessResourceUsageException: JDBC exception executing SQL [select djep1_0.id,djep1_0.completion_date,djep1_0.event_type,djep1_0.listener_id,djep1_0.publication_date,djep1_0.serialized_event from event_publication djep1_0 where djep1_0.completion_date is null order by djep1_0.publication_date] [Table 'secchub.event_publication' doesn't exist] [n/a]; SQL [n/a]
2025-09-27 10:25:03.731 [SpringApplicationShutdownHook] INFO  o.s.o.j.LocalContainerEntityManagerFactoryBean - Closing JPA EntityManagerFactory for persistence unit 'default'
2025-09-27 10:25:03.741 [SpringApplicationShutdownHook] INFO  com.zaxxer.hikari.HikariDataSource - HikariPool-5 - Shutdown initiated...
2025-09-27 10:25:03.746 [SpringApplicationShutdownHook] INFO  com.zaxxer.hikari.HikariDataSource - HikariPool-5 - Shutdown completed.
2025-09-27 17:06:25.068 [restartedMain] INFO  c.e.p.s.SecchubBackendApplication - Starting SecchubBackendApplication using Java 21.0.6 with PID 87664 (/Users/richie/Documents/Proyecto de Grado/secchub-backend/target/classes started by richie in /Users/richie/Documents/Proyecto de Grado/secchub-backend)
2025-09-27 17:06:25.071 [restartedMain] INFO  c.e.p.s.SecchubBackendApplication - No active profile set, falling back to 1 default profile: "default"
2025-09-27 17:06:25.115 [restartedMain] INFO  o.s.b.d.e.DevToolsPropertyDefaultsPostProcessor - Devtools property defaults active! Set 'spring.devtools.add-properties' to 'false' to disable
2025-09-27 17:06:25.115 [restartedMain] INFO  o.s.b.d.e.DevToolsPropertyDefaultsPostProcessor - For additional web related logging consider setting the 'logging.level.web' property to 'DEBUG'
2025-09-27 17:06:25.666 [restartedMain] INFO  o.s.d.r.c.RepositoryConfigurationDelegate - Bootstrapping Spring Data JPA repositories in DEFAULT mode.
2025-09-27 17:06:25.759 [restartedMain] INFO  o.s.d.r.c.RepositoryConfigurationDelegate - Finished Spring Data repository scanning in 87 ms. Found 9 JPA repository interfaces.
2025-09-27 17:06:26.155 [restartedMain] INFO  com.zaxxer.hikari.HikariDataSource - HikariPool-1 - Starting...
2025-09-27 17:06:26.510 [restartedMain] INFO  com.zaxxer.hikari.pool.HikariPool - HikariPool-1 - Added connection com.mysql.cj.jdbc.ConnectionImpl@651a1be0
2025-09-27 17:06:26.510 [restartedMain] INFO  com.zaxxer.hikari.HikariDataSource - HikariPool-1 - Start completed.
2025-09-27 17:06:26.530 [restartedMain] INFO  o.h.jpa.internal.util.LogHelper - HHH000204: Processing PersistenceUnitInfo [name: default]
2025-09-27 17:06:26.561 [restartedMain] INFO  org.hibernate.Version - HHH000412: Hibernate ORM core version 6.6.26.Final
2025-09-27 17:06:26.577 [restartedMain] INFO  o.h.c.i.RegionFactoryInitiator - HHH000026: Second-level cache disabled
2025-09-27 17:06:26.708 [restartedMain] INFO  o.s.o.j.p.SpringPersistenceUnitInfo - No LoadTimeWeaver setup: ignoring JPA class transformer
2025-09-27 17:06:26.784 [restartedMain] INFO  o.hibernate.orm.connections.pooling - HHH10001005: Database info:
	Database JDBC URL [Connecting through datasource 'HikariDataSource (HikariPool-1)']
	Database driver: undefined/unknown
	Database version: 8.4.6
	Autocommit mode: undefined/unknown
	Isolation level: undefined/unknown
	Minimum pool size: undefined/unknown
	Maximum pool size: undefined/unknown
2025-09-27 17:06:27.232 [restartedMain] INFO  o.h.e.t.j.p.i.JtaPlatformInitiator - HHH000489: No JTA platform available (set 'hibernate.transaction.jta.platform' to enable JTA platform integration)
2025-09-27 17:06:27.234 [restartedMain] INFO  o.s.o.j.LocalContainerEntityManagerFactoryBean - Initialized JPA EntityManagerFactory for persistence unit 'default'
2025-09-27 17:06:27.493 [restartedMain] INFO  o.s.d.j.r.query.QueryEnhancerFactory - Hibernate is in classpath; If applicable, HQL parser will be used.
2025-09-27 17:06:28.459 [restartedMain] INFO  o.s.b.d.a.OptionalLiveReloadServer - LiveReload server is running on port 35729
2025-09-27 17:06:28.547 [restartedMain] INFO  o.s.b.w.e.netty.NettyWebServer - Netty started on port 8080 (http)
2025-09-27 17:06:28.562 [restartedMain] INFO  o.s.s.config.TaskSchedulerRouter - No TaskScheduler/ScheduledExecutorService bean found for scheduled processing
2025-09-27 17:06:28.566 [restartedMain] INFO  c.e.p.s.SecchubBackendApplication - Started SecchubBackendApplication in 3.687 seconds (process running for 3.864)
2025-09-27 17:06:57.212 [reactor-http-nio-4] ERROR c.e.p.s.s.jwt.JwtTokenProvider - Expired JWT token
2025-09-27 17:06:57.304 [reactor-http-nio-4] INFO  c.e.p.s.s.s.AuthenticationService - Attempting to authenticate user with email: student@secchub.com
2025-09-27 17:06:57.379 [reactor-http-nio-4] DEBUG org.hibernate.SQL - select u1_0.id,u1_0.document_number,u1_0.document_type_id,u1_0.email,u1_0.faculty,u1_0.last_access,u1_0.last_name,u1_0.name,u1_0.password,u1_0.role_id,u1_0.status_id,u1_0.username from users u1_0 where u1_0.email=?
2025-09-27 17:06:57.429 [reactor-http-nio-4] DEBUG org.hibernate.SQL - select dt1_0.id,dt1_0.name from document_type dt1_0 where dt1_0.id=?
2025-09-27 17:06:57.435 [reactor-http-nio-4] DEBUG org.hibernate.SQL - select r1_0.id,r1_0.name from role r1_0 where r1_0.id=?
2025-09-27 17:06:57.438 [reactor-http-nio-4] DEBUG org.hibernate.SQL - select s1_0.id,s1_0.name from status s1_0 where s1_0.id=?
2025-09-27 17:06:57.587 [reactor-http-nio-4] DEBUG org.hibernate.SQL - update users u1_0 set last_access=current_timestamp(6) where u1_0.email=?
2025-09-27 17:06:57.647 [reactor-http-nio-4] INFO  c.e.p.s.s.s.AuthenticationService - Authentication successful for email: student@secchub.com
2025-09-27 17:06:57.693 [boundedElastic-1] DEBUG org.hibernate.SQL - select u1_0.id,u1_0.document_number,u1_0.document_type_id,u1_0.email,u1_0.faculty,u1_0.last_access,u1_0.last_name,u1_0.name,u1_0.password,u1_0.role_id,u1_0.status_id,u1_0.username from users u1_0 where u1_0.email=?
2025-09-27 17:06:57.698 [boundedElastic-1] DEBUG org.hibernate.SQL - select dt1_0.id,dt1_0.name from document_type dt1_0 where dt1_0.id=?
2025-09-27 17:06:57.700 [boundedElastic-1] DEBUG org.hibernate.SQL - select r1_0.id,r1_0.name from role r1_0 where r1_0.id=?
2025-09-27 17:06:57.701 [boundedElastic-2] DEBUG org.hibernate.SQL - select u1_0.id,u1_0.document_number,u1_0.document_type_id,u1_0.email,u1_0.faculty,u1_0.last_access,u1_0.last_name,u1_0.name,u1_0.password,u1_0.role_id,u1_0.status_id,u1_0.username from users u1_0 where u1_0.email=?
2025-09-27 17:06:57.703 [boundedElastic-1] DEBUG org.hibernate.SQL - select s1_0.id,s1_0.name from status s1_0 where s1_0.id=?
2025-09-27 17:06:57.709 [boundedElastic-2] DEBUG org.hibernate.SQL - select dt1_0.id,dt1_0.name from document_type dt1_0 where dt1_0.id=?
2025-09-27 17:06:57.714 [boundedElastic-2] DEBUG org.hibernate.SQL - select r1_0.id,r1_0.name from role r1_0 where r1_0.id=?
2025-09-27 17:06:57.716 [boundedElastic-2] DEBUG org.hibernate.SQL - select s1_0.id,s1_0.name from status s1_0 where s1_0.id=?
2025-09-27 17:06:57.727 [boundedElastic-1] DEBUG org.hibernate.SQL - select s1_0.id,s1_0.name,s1_0.user_id from section s1_0
2025-09-27 17:06:57.727 [boundedElastic-3] DEBUG org.hibernate.SQL - select c1_0.id,c1_0.credits,c1_0.description,c1_0.is_valid,c1_0.name,c1_0.section_id from course c1_0
2025-09-27 17:08:20.685 [boundedElastic-1] DEBUG org.hibernate.SQL - select u1_0.id,u1_0.document_number,u1_0.document_type_id,u1_0.email,u1_0.faculty,u1_0.last_access,u1_0.last_name,u1_0.name,u1_0.password,u1_0.role_id,u1_0.status_id,u1_0.username from users u1_0 where u1_0.email=?
2025-09-27 17:08:20.700 [boundedElastic-1] DEBUG org.hibernate.SQL - select dt1_0.id,dt1_0.name from document_type dt1_0 where dt1_0.id=?
2025-09-27 17:08:20.703 [boundedElastic-1] DEBUG org.hibernate.SQL - select r1_0.id,r1_0.name from role r1_0 where r1_0.id=?
2025-09-27 17:08:20.704 [boundedElastic-1] DEBUG org.hibernate.SQL - select s1_0.id,s1_0.name from status s1_0 where s1_0.id=?
2025-09-27 17:08:20.740 [boundedElastic-3] DEBUG org.hibernate.SQL - select u1_0.id,u1_0.document_number,u1_0.document_type_id,u1_0.email,u1_0.faculty,u1_0.last_access,u1_0.last_name,u1_0.name,u1_0.password,u1_0.role_id,u1_0.status_id,u1_0.username from users u1_0 where u1_0.email=?
2025-09-27 17:08:20.746 [boundedElastic-3] DEBUG org.hibernate.SQL - select u1_0.id,u1_0.document_number,u1_0.document_type_id,u1_0.email,u1_0.faculty,u1_0.last_access,u1_0.last_name,u1_0.name,u1_0.password,u1_0.role_id,u1_0.status_id,u1_0.username from users u1_0 where u1_0.username=?
2025-09-27 17:08:20.749 [boundedElastic-3] DEBUG org.hibernate.SQL - select dt1_0.id,dt1_0.name from document_type dt1_0 where dt1_0.id=?
2025-09-27 17:08:20.751 [boundedElastic-3] DEBUG org.hibernate.SQL - select r1_0.id,r1_0.name from role r1_0 where r1_0.id=?
2025-09-27 17:08:20.754 [boundedElastic-3] DEBUG org.hibernate.SQL - select s1_0.id,s1_0.name from status s1_0 where s1_0.id=?
2025-09-27 17:08:20.795 [boundedElastic-3] DEBUG org.hibernate.SQL - insert into student (academic_average,address,alternate_phone_number,application_date,course_average,course_id,course_teacher,personal_email,phone_number,program,section_id,semester,status_id,user_id,was_teaching_assistant) values (?,?,?,?,?,?,?,?,?,?,?,?,?,?,?)
2025-09-27 17:08:20.831 [boundedElastic-3] DEBUG org.hibernate.SQL - insert into student_schedule (day,end_time,start_time,student_id) values (?,?,?,?)
2025-09-27 17:11:35.212 [boundedElastic-4] DEBUG org.hibernate.SQL - select u1_0.id,u1_0.document_number,u1_0.document_type_id,u1_0.email,u1_0.faculty,u1_0.last_access,u1_0.last_name,u1_0.name,u1_0.password,u1_0.role_id,u1_0.status_id,u1_0.username from users u1_0 where u1_0.email=?
2025-09-27 17:11:35.212 [boundedElastic-5] DEBUG org.hibernate.SQL - select u1_0.id,u1_0.document_number,u1_0.document_type_id,u1_0.email,u1_0.faculty,u1_0.last_access,u1_0.last_name,u1_0.name,u1_0.password,u1_0.role_id,u1_0.status_id,u1_0.username from users u1_0 where u1_0.email=?
2025-09-27 17:11:35.347 [boundedElastic-5] DEBUG org.hibernate.SQL - select dt1_0.id,dt1_0.name from document_type dt1_0 where dt1_0.id=?
2025-09-27 17:11:35.347 [boundedElastic-4] DEBUG org.hibernate.SQL - select dt1_0.id,dt1_0.name from document_type dt1_0 where dt1_0.id=?
2025-09-27 17:11:35.352 [boundedElastic-5] DEBUG org.hibernate.SQL - select r1_0.id,r1_0.name from role r1_0 where r1_0.id=?
2025-09-27 17:11:35.352 [boundedElastic-4] DEBUG org.hibernate.SQL - select r1_0.id,r1_0.name from role r1_0 where r1_0.id=?
2025-09-27 17:11:35.358 [boundedElastic-4] DEBUG org.hibernate.SQL - select s1_0.id,s1_0.name from status s1_0 where s1_0.id=?
2025-09-27 17:11:35.360 [boundedElastic-5] DEBUG org.hibernate.SQL - select s1_0.id,s1_0.name from status s1_0 where s1_0.id=?
2025-09-27 17:11:35.439 [boundedElastic-4] DEBUG org.hibernate.SQL - select s1_0.id,s1_0.name,s1_0.user_id from section s1_0
2025-09-27 17:11:35.440 [boundedElastic-5] DEBUG org.hibernate.SQL - select c1_0.id,c1_0.credits,c1_0.description,c1_0.is_valid,c1_0.name,c1_0.section_id from course c1_0
2025-09-27 17:12:22.906 [boundedElastic-5] DEBUG org.hibernate.SQL - select u1_0.id,u1_0.document_number,u1_0.document_type_id,u1_0.email,u1_0.faculty,u1_0.last_access,u1_0.last_name,u1_0.name,u1_0.password,u1_0.role_id,u1_0.status_id,u1_0.username from users u1_0 where u1_0.email=?
2025-09-27 17:12:22.927 [boundedElastic-5] DEBUG org.hibernate.SQL - select dt1_0.id,dt1_0.name from document_type dt1_0 where dt1_0.id=?
2025-09-27 17:12:22.934 [boundedElastic-5] DEBUG org.hibernate.SQL - select r1_0.id,r1_0.name from role r1_0 where r1_0.id=?
2025-09-27 17:12:22.938 [boundedElastic-5] DEBUG org.hibernate.SQL - select s1_0.id,s1_0.name from status s1_0 where s1_0.id=?
2025-09-27 17:12:22.990 [boundedElastic-4] DEBUG org.hibernate.SQL - select u1_0.id,u1_0.document_number,u1_0.document_type_id,u1_0.email,u1_0.faculty,u1_0.last_access,u1_0.last_name,u1_0.name,u1_0.password,u1_0.role_id,u1_0.status_id,u1_0.username from users u1_0 where u1_0.email=?
2025-09-27 17:12:22.995 [boundedElastic-4] DEBUG org.hibernate.SQL - select u1_0.id,u1_0.document_number,u1_0.document_type_id,u1_0.email,u1_0.faculty,u1_0.last_access,u1_0.last_name,u1_0.name,u1_0.password,u1_0.role_id,u1_0.status_id,u1_0.username from users u1_0 where u1_0.username=?
2025-09-27 17:12:22.998 [boundedElastic-4] DEBUG org.hibernate.SQL - select dt1_0.id,dt1_0.name from document_type dt1_0 where dt1_0.id=?
2025-09-27 17:12:23.000 [boundedElastic-4] DEBUG org.hibernate.SQL - select r1_0.id,r1_0.name from role r1_0 where r1_0.id=?
2025-09-27 17:12:23.001 [boundedElastic-4] DEBUG org.hibernate.SQL - select s1_0.id,s1_0.name from status s1_0 where s1_0.id=?
2025-09-27 17:12:23.007 [boundedElastic-4] DEBUG org.hibernate.SQL - insert into student (academic_average,address,alternate_phone_number,application_date,course_average,course_id,course_teacher,personal_email,phone_number,program,section_id,semester,status_id,user_id,was_teaching_assistant) values (?,?,?,?,?,?,?,?,?,?,?,?,?,?,?)
2025-09-27 17:12:23.049 [boundedElastic-4] DEBUG org.hibernate.SQL - insert into student_schedule (day,end_time,start_time,student_id) values (?,?,?,?)
2025-09-27 17:13:40.732 [File Watcher] INFO  o.s.b.d.a.LocalDevToolsAutoConfiguration$RestartingClassPathChangeChangedEventListener - Restarting due to 1 class path change (0 additions, 0 deletions, 1 modification)
2025-09-27 17:13:40.847 [Thread-5] INFO  o.s.b.w.e.netty.GracefulShutdown - Commencing graceful shutdown. Waiting for active requests to complete
2025-09-27 17:13:40.871 [netty-shutdown] INFO  o.s.b.w.e.netty.GracefulShutdown - Graceful shutdown complete
2025-09-27 17:13:41.019 [Thread-5] DEBUG org.hibernate.SQL - select djep1_0.id,djep1_0.completion_date,djep1_0.event_type,djep1_0.listener_id,djep1_0.publication_date,djep1_0.serialized_event from event_publication djep1_0 where djep1_0.completion_date is null order by djep1_0.publication_date
2025-09-27 17:13:41.468 [Thread-5] WARN  o.h.e.jdbc.spi.SqlExceptionHelper - SQL Error: 1146, SQLState: 42S02
2025-09-27 17:13:41.469 [Thread-5] ERROR o.h.e.jdbc.spi.SqlExceptionHelper - Table 'secchub.event_publication' doesn't exist
2025-09-27 17:13:41.486 [Thread-5] WARN  o.s.b.f.s.DisposableBeanAdapter - Invocation of destroy method failed on bean with name 'eventPublicationRegistry': org.springframework.dao.InvalidDataAccessResourceUsageException: JDBC exception executing SQL [select djep1_0.id,djep1_0.completion_date,djep1_0.event_type,djep1_0.listener_id,djep1_0.publication_date,djep1_0.serialized_event from event_publication djep1_0 where djep1_0.completion_date is null order by djep1_0.publication_date] [Table 'secchub.event_publication' doesn't exist] [n/a]; SQL [n/a]
2025-09-27 17:13:41.491 [Thread-5] INFO  o.s.o.j.LocalContainerEntityManagerFactoryBean - Closing JPA EntityManagerFactory for persistence unit 'default'
2025-09-27 17:13:41.510 [Thread-5] INFO  com.zaxxer.hikari.HikariDataSource - HikariPool-1 - Shutdown initiated...
2025-09-27 17:13:41.522 [Thread-5] INFO  com.zaxxer.hikari.HikariDataSource - HikariPool-1 - Shutdown completed.
2025-09-27 17:13:41.818 [restartedMain] INFO  c.e.p.s.SecchubBackendApplication - Starting SecchubBackendApplication using Java 21.0.6 with PID 87664 (/Users/richie/Documents/Proyecto de Grado/secchub-backend/target/classes started by richie in /Users/richie/Documents/Proyecto de Grado/secchub-backend)
2025-09-27 17:13:41.819 [restartedMain] INFO  c.e.p.s.SecchubBackendApplication - No active profile set, falling back to 1 default profile: "default"
2025-09-27 17:13:41.942 [restartedMain] INFO  o.s.d.r.c.RepositoryConfigurationDelegate - Bootstrapping Spring Data JPA repositories in DEFAULT mode.
2025-09-27 17:13:41.960 [restartedMain] INFO  o.s.d.r.c.RepositoryConfigurationDelegate - Finished Spring Data repository scanning in 16 ms. Found 9 JPA repository interfaces.
2025-09-27 17:13:42.064 [restartedMain] INFO  com.zaxxer.hikari.HikariDataSource - HikariPool-2 - Starting...
2025-09-27 17:13:42.094 [restartedMain] INFO  com.zaxxer.hikari.pool.HikariPool - HikariPool-2 - Added connection com.mysql.cj.jdbc.ConnectionImpl@6e898641
2025-09-27 17:13:42.095 [restartedMain] INFO  com.zaxxer.hikari.HikariDataSource - HikariPool-2 - Start completed.
2025-09-27 17:13:42.096 [restartedMain] INFO  o.h.jpa.internal.util.LogHelper - HHH000204: Processing PersistenceUnitInfo [name: default]
2025-09-27 17:13:42.096 [restartedMain] INFO  o.h.c.i.RegionFactoryInitiator - HHH000026: Second-level cache disabled
2025-09-27 17:13:42.102 [restartedMain] INFO  o.s.o.j.p.SpringPersistenceUnitInfo - No LoadTimeWeaver setup: ignoring JPA class transformer
2025-09-27 17:13:42.103 [restartedMain] INFO  o.hibernate.orm.connections.pooling - HHH10001005: Database info:
	Database JDBC URL [Connecting through datasource 'HikariDataSource (HikariPool-2)']
	Database driver: undefined/unknown
	Database version: 8.4.6
	Autocommit mode: undefined/unknown
	Isolation level: undefined/unknown
	Minimum pool size: undefined/unknown
	Maximum pool size: undefined/unknown
2025-09-27 17:13:42.254 [restartedMain] INFO  o.h.e.t.j.p.i.JtaPlatformInitiator - HHH000489: No JTA platform available (set 'hibernate.transaction.jta.platform' to enable JTA platform integration)
2025-09-27 17:13:42.254 [restartedMain] INFO  o.s.o.j.LocalContainerEntityManagerFactoryBean - Initialized JPA EntityManagerFactory for persistence unit 'default'
2025-09-27 17:13:42.606 [restartedMain] INFO  o.s.b.d.a.OptionalLiveReloadServer - LiveReload server is running on port 35729
2025-09-27 17:13:42.617 [restartedMain] INFO  o.s.b.w.e.netty.NettyWebServer - Netty started on port 8080 (http)
2025-09-27 17:13:42.619 [restartedMain] INFO  o.s.s.config.TaskSchedulerRouter - No TaskScheduler/ScheduledExecutorService bean found for scheduled processing
2025-09-27 17:13:42.620 [restartedMain] INFO  c.e.p.s.SecchubBackendApplication - Started SecchubBackendApplication in 0.817 seconds (process running for 437.892)
2025-09-27 17:13:42.621 [restartedMain] INFO  o.s.b.d.a.ConditionEvaluationDeltaLoggingListener - Condition evaluation unchanged
2025-09-27 17:23:20.465 [File Watcher] INFO  o.s.b.d.a.LocalDevToolsAutoConfiguration$RestartingClassPathChangeChangedEventListener - Restarting due to 1 class path change (0 additions, 0 deletions, 1 modification)
2025-09-27 17:23:20.500 [Thread-15] INFO  o.s.b.w.e.netty.GracefulShutdown - Commencing graceful shutdown. Waiting for active requests to complete
2025-09-27 17:23:20.511 [netty-shutdown] INFO  o.s.b.w.e.netty.GracefulShutdown - Graceful shutdown complete
2025-09-27 17:23:20.638 [Thread-15] DEBUG org.hibernate.SQL - select djep1_0.id,djep1_0.completion_date,djep1_0.event_type,djep1_0.listener_id,djep1_0.publication_date,djep1_0.serialized_event from event_publication djep1_0 where djep1_0.completion_date is null order by djep1_0.publication_date
2025-09-27 17:23:20.669 [Thread-15] WARN  o.h.e.jdbc.spi.SqlExceptionHelper - SQL Error: 1146, SQLState: 42S02
2025-09-27 17:23:20.669 [Thread-15] ERROR o.h.e.jdbc.spi.SqlExceptionHelper - Table 'secchub.event_publication' doesn't exist
2025-09-27 17:23:20.676 [Thread-15] WARN  o.s.b.f.s.DisposableBeanAdapter - Invocation of destroy method failed on bean with name 'eventPublicationRegistry': org.springframework.dao.InvalidDataAccessResourceUsageException: JDBC exception executing SQL [select djep1_0.id,djep1_0.completion_date,djep1_0.event_type,djep1_0.listener_id,djep1_0.publication_date,djep1_0.serialized_event from event_publication djep1_0 where djep1_0.completion_date is null order by djep1_0.publication_date] [Table 'secchub.event_publication' doesn't exist] [n/a]; SQL [n/a]
2025-09-27 17:23:20.679 [Thread-15] INFO  o.s.o.j.LocalContainerEntityManagerFactoryBean - Closing JPA EntityManagerFactory for persistence unit 'default'
2025-09-27 17:23:20.683 [Thread-15] INFO  com.zaxxer.hikari.HikariDataSource - HikariPool-2 - Shutdown initiated...
2025-09-27 17:23:20.687 [Thread-15] INFO  com.zaxxer.hikari.HikariDataSource - HikariPool-2 - Shutdown completed.
2025-09-27 17:23:20.960 [restartedMain] INFO  c.e.p.s.SecchubBackendApplication - Starting SecchubBackendApplication using Java 21.0.6 with PID 87664 (/Users/richie/Documents/Proyecto de Grado/secchub-backend/target/classes started by richie in /Users/richie/Documents/Proyecto de Grado/secchub-backend)
2025-09-27 17:23:20.960 [restartedMain] INFO  c.e.p.s.SecchubBackendApplication - No active profile set, falling back to 1 default profile: "default"
2025-09-27 17:23:21.091 [restartedMain] INFO  o.s.d.r.c.RepositoryConfigurationDelegate - Bootstrapping Spring Data JPA repositories in DEFAULT mode.
2025-09-27 17:23:21.105 [restartedMain] INFO  o.s.d.r.c.RepositoryConfigurationDelegate - Finished Spring Data repository scanning in 13 ms. Found 9 JPA repository interfaces.
2025-09-27 17:23:21.205 [restartedMain] INFO  com.zaxxer.hikari.HikariDataSource - HikariPool-3 - Starting...
2025-09-27 17:23:21.238 [restartedMain] INFO  com.zaxxer.hikari.pool.HikariPool - HikariPool-3 - Added connection com.mysql.cj.jdbc.ConnectionImpl@704b2d23
2025-09-27 17:23:21.238 [restartedMain] INFO  com.zaxxer.hikari.HikariDataSource - HikariPool-3 - Start completed.
2025-09-27 17:23:21.239 [restartedMain] INFO  o.h.jpa.internal.util.LogHelper - HHH000204: Processing PersistenceUnitInfo [name: default]
2025-09-27 17:23:21.240 [restartedMain] INFO  o.h.c.i.RegionFactoryInitiator - HHH000026: Second-level cache disabled
2025-09-27 17:23:21.251 [restartedMain] INFO  o.s.o.j.p.SpringPersistenceUnitInfo - No LoadTimeWeaver setup: ignoring JPA class transformer
2025-09-27 17:23:21.254 [restartedMain] INFO  o.hibernate.orm.connections.pooling - HHH10001005: Database info:
	Database JDBC URL [Connecting through datasource 'HikariDataSource (HikariPool-3)']
	Database driver: undefined/unknown
	Database version: 8.4.6
	Autocommit mode: undefined/unknown
	Isolation level: undefined/unknown
	Minimum pool size: undefined/unknown
	Maximum pool size: undefined/unknown
2025-09-27 17:23:21.382 [restartedMain] INFO  o.h.e.t.j.p.i.JtaPlatformInitiator - HHH000489: No JTA platform available (set 'hibernate.transaction.jta.platform' to enable JTA platform integration)
2025-09-27 17:23:21.383 [restartedMain] INFO  o.s.o.j.LocalContainerEntityManagerFactoryBean - Initialized JPA EntityManagerFactory for persistence unit 'default'
2025-09-27 17:23:21.796 [restartedMain] INFO  o.s.b.d.a.OptionalLiveReloadServer - LiveReload server is running on port 35729
2025-09-27 17:23:21.811 [restartedMain] INFO  o.s.b.w.e.netty.NettyWebServer - Netty started on port 8080 (http)
2025-09-27 17:23:21.813 [restartedMain] INFO  o.s.s.config.TaskSchedulerRouter - No TaskScheduler/ScheduledExecutorService bean found for scheduled processing
2025-09-27 17:23:21.815 [restartedMain] INFO  c.e.p.s.SecchubBackendApplication - Started SecchubBackendApplication in 0.88 seconds (process running for 1017.082)
2025-09-27 17:23:21.816 [restartedMain] INFO  o.s.b.d.a.ConditionEvaluationDeltaLoggingListener - Condition evaluation unchanged
2025-09-27 17:23:37.351 [SpringApplicationShutdownHook] INFO  o.s.b.w.e.netty.GracefulShutdown - Commencing graceful shutdown. Waiting for active requests to complete
2025-09-27 17:23:37.359 [netty-shutdown] INFO  o.s.b.w.e.netty.GracefulShutdown - Graceful shutdown complete
2025-09-27 17:23:37.382 [SpringApplicationShutdownHook] DEBUG org.hibernate.SQL - select djep1_0.id,djep1_0.completion_date,djep1_0.event_type,djep1_0.listener_id,djep1_0.publication_date,djep1_0.serialized_event from event_publication djep1_0 where djep1_0.completion_date is null order by djep1_0.publication_date
2025-09-27 17:23:37.395 [SpringApplicationShutdownHook] WARN  o.h.e.jdbc.spi.SqlExceptionHelper - SQL Error: 1146, SQLState: 42S02
2025-09-27 17:23:37.395 [SpringApplicationShutdownHook] ERROR o.h.e.jdbc.spi.SqlExceptionHelper - Table 'secchub.event_publication' doesn't exist
2025-09-27 17:23:37.398 [SpringApplicationShutdownHook] WARN  o.s.b.f.s.DisposableBeanAdapter - Invocation of destroy method failed on bean with name 'eventPublicationRegistry': org.springframework.dao.InvalidDataAccessResourceUsageException: JDBC exception executing SQL [select djep1_0.id,djep1_0.completion_date,djep1_0.event_type,djep1_0.listener_id,djep1_0.publication_date,djep1_0.serialized_event from event_publication djep1_0 where djep1_0.completion_date is null order by djep1_0.publication_date] [Table 'secchub.event_publication' doesn't exist] [n/a]; SQL [n/a]
2025-09-27 17:23:37.399 [SpringApplicationShutdownHook] INFO  o.s.o.j.LocalContainerEntityManagerFactoryBean - Closing JPA EntityManagerFactory for persistence unit 'default'
2025-09-27 17:23:37.399 [SpringApplicationShutdownHook] INFO  com.zaxxer.hikari.HikariDataSource - HikariPool-3 - Shutdown initiated...
2025-09-27 17:23:37.408 [SpringApplicationShutdownHook] INFO  com.zaxxer.hikari.HikariDataSource - HikariPool-3 - Shutdown completed.
